2022/05/14 23:02:23 - Kitchen - Start of run.
2022/05/14 23:02:51 - JB_ESTRELLAPRINCIPAL - Start of job execution
2022/05/14 23:02:51 - JB_ESTRELLAPRINCIPAL - Starting entry [RegLog]
2022/05/14 23:02:53 - RegLog - Using run configuration [Pentaho local]
2022/05/14 23:02:53 - RegLog - Running transformation using the Kettle execution engine
2022/05/14 23:02:53 - TR_RegistroInicial - Dispatching started for transformation [TR_RegistroInicial]
2022/05/14 23:02:54 - ParametroGenerales.0 - Finished processing (I=0, O=0, R=0, W=1, U=0, E=0)
2022/05/14 23:02:54 - getSysDate.0 - Finished processing (I=0, O=0, R=1, W=1, U=0, E=0)
2022/05/14 23:02:54 - getIDRegistro.0 - Finished processing (I=0, O=0, R=1, W=1, U=0, E=0)
2022/05/14 23:02:54 - setVariables.0 - Setting environment variables...
2022/05/14 23:02:54 - setVariables.0 - Set variable V_ID_PROCESOGENERAL to value [47601cf9-d40c-11ec-92cb-adb9bc150f17]
2022/05/14 23:02:54 - setVariables.0 - Finished after 1 rows.
2022/05/14 23:02:54 - setVariables.0 - Finished processing (I=0, O=0, R=1, W=1, U=0, E=0)
2022/05/14 23:02:54 - insertLog.0 - Finished processing (I=1, O=1, R=1, W=1, U=0, E=0)
2022/05/14 23:02:54 - Carte - Installing timer to purge stale objects after 1440 minutes.
2022/05/14 23:02:54 - JB_ESTRELLAPRINCIPAL - Starting entry [tbClie02]
2022/05/14 23:02:54 - tbClie02 - Using run configuration [Pentaho local]
2022/05/14 23:02:54 - tbClie02 - Running transformation using the Kettle execution engine
2022/05/14 23:02:54 - TR_tbClie02 - Dispatching started for transformation [TR_tbClie02]
2022/05/14 23:02:55 - ParametroGenerales.0 - Finished processing (I=0, O=0, R=0, W=1, U=0, E=0)
2022/05/14 23:02:55 - GenerateParametros.0 - Finished processing (I=0, O=0, R=0, W=1, U=0, E=0)
2022/05/14 23:02:55 - getSysDatesStar.0 - Finished processing (I=0, O=0, R=1, W=1, U=0, E=0)
2022/05/14 23:02:55 - cleanTable.0 - Finished reading query, closing connection.
2022/05/14 23:02:55 - getDateSystem.0 - Finished processing (I=0, O=0, R=1, W=1, U=0, E=0)
2022/05/14 23:02:55 - Get variables.0 - Finished processing (I=0, O=0, R=1, W=1, U=0, E=0)
2022/05/14 23:02:55 - cleanTable.0 - Finished processing (I=0, O=0, R=0, W=1, U=0, E=0)
2022/05/14 23:02:55 - getIDRegistro.0 - Finished processing (I=0, O=0, R=1, W=1, U=0, E=0)
2022/05/14 23:02:56 - insertLog.0 - Finished processing (I=1, O=0, R=1, W=1, U=0, E=0)
2022/05/14 23:02:59 - getId.0 - Finished processing (I=0, O=0, R=4726, W=4726, U=0, E=0)
2022/05/14 23:02:59 - getData.0 - Finished processing (I=4727, O=0, R=1, W=4726, U=0, E=0)
2022/05/14 23:03:09 - poblarTbClie02.0 - Finished processing (I=4726, O=4726, R=4726, W=4726, U=0, E=0)
2022/05/14 23:03:09 - waitStep.0 - Finished processing (I=0, O=0, R=1, W=1, U=0, E=0)
2022/05/14 23:03:09 - getSysDateEnd.0 - Finished processing (I=0, O=0, R=1, W=1, U=0, E=0)
2022/05/14 23:03:09 - updateLog.0 - Finished processing (I=1, O=1, R=1, W=1, U=0, E=0)
2022/05/14 23:03:09 - JB_ESTRELLAPRINCIPAL - Starting entry [tbVend02]
2022/05/14 23:03:09 - tbVend02 - Using run configuration [Pentaho local]
2022/05/14 23:03:09 - tbVend02 - Running transformation using the Kettle execution engine
2022/05/14 23:03:09 - TR_tbVend02 - Dispatching started for transformation [TR_tbVend02]
2022/05/14 23:03:10 - GenerateParametros.0 - Finished processing (I=0, O=0, R=0, W=1, U=0, E=0)
2022/05/14 23:03:10 - cleanTable.0 - Finished reading query, closing connection.
2022/05/14 23:03:10 - ParametroGenerales.0 - Finished processing (I=0, O=0, R=0, W=1, U=0, E=0)
2022/05/14 23:03:10 - getDateSystem.0 - Finished processing (I=0, O=0, R=1, W=1, U=0, E=0)
2022/05/14 23:03:10 - cleanTable.0 - Finished processing (I=0, O=0, R=0, W=1, U=0, E=0)
2022/05/14 23:03:10 - Get variables.0 - Finished processing (I=0, O=0, R=1, W=1, U=0, E=0)
2022/05/14 23:03:10 - getSysDatesStar.0 - Finished processing (I=0, O=0, R=1, W=1, U=0, E=0)
2022/05/14 23:03:10 - getIDRegistro.0 - Finished processing (I=0, O=0, R=1, W=1, U=0, E=0)
2022/05/14 23:03:10 - insertLog.0 - Finished processing (I=1, O=0, R=1, W=1, U=0, E=0)
2022/05/14 23:03:10 - getData.0 - Finished processing (I=10, O=0, R=1, W=9, U=0, E=0)
2022/05/14 23:03:10 - getId.0 - Finished processing (I=0, O=0, R=9, W=9, U=0, E=0)
2022/05/14 23:03:10 - poblarTbVend02.0 - Finished processing (I=9, O=9, R=9, W=9, U=0, E=0)
2022/05/14 23:03:10 - waitStep.0 - Finished processing (I=0, O=0, R=1, W=1, U=0, E=0)
2022/05/14 23:03:10 - getSysDateEnd.0 - Finished processing (I=0, O=0, R=1, W=1, U=0, E=0)
2022/05/14 23:03:10 - updateLog.0 - Finished processing (I=1, O=1, R=1, W=1, U=0, E=0)
2022/05/14 23:03:10 - JB_ESTRELLAPRINCIPAL - Starting entry [trTbInve02]
2022/05/14 23:03:10 - trTbInve02 - Using run configuration [Pentaho local]
2022/05/14 23:03:10 - trTbInve02 - Running transformation using the Kettle execution engine
2022/05/14 23:03:10 - TR_tbInve02 - Dispatching started for transformation [TR_tbInve02]
2022/05/14 23:03:10 - ParametroGenerales.0 - Finished processing (I=0, O=0, R=0, W=1, U=0, E=0)
2022/05/14 23:03:10 - GenerateParametros.0 - Finished processing (I=0, O=0, R=0, W=1, U=0, E=0)
2022/05/14 23:03:10 - cleanTable.0 - Finished reading query, closing connection.
2022/05/14 23:03:10 - Get variables.0 - Finished processing (I=0, O=0, R=1, W=1, U=0, E=0)
2022/05/14 23:03:10 - getSysDatesStar.0 - Finished processing (I=0, O=0, R=1, W=1, U=0, E=0)
2022/05/14 23:03:10 - getDateSystem.0 - Finished processing (I=0, O=0, R=1, W=1, U=0, E=0)
2022/05/14 23:03:10 - getIDRegistro.0 - Finished processing (I=0, O=0, R=1, W=1, U=0, E=0)
2022/05/14 23:03:10 - cleanTable.0 - Finished processing (I=0, O=0, R=0, W=1, U=0, E=0)
2022/05/14 23:03:11 - insertLog.0 - Finished processing (I=1, O=0, R=1, W=1, U=0, E=0)
2022/05/14 23:03:12 - getData.0 - Finished processing (I=1821, O=0, R=1, W=1820, U=0, E=0)
2022/05/14 23:03:12 - getId.0 - Finished processing (I=0, O=0, R=1820, W=1820, U=0, E=0)
2022/05/14 23:03:14 - poblarTbInve02.0 - Finished processing (I=1820, O=1820, R=1820, W=1820, U=0, E=0)
2022/05/14 23:03:14 - waitStep.0 - Finished processing (I=0, O=0, R=1, W=1, U=0, E=0)
2022/05/14 23:03:14 - getSysDateEnd.0 - Finished processing (I=0, O=0, R=1, W=1, U=0, E=0)
2022/05/14 23:03:14 - updateLog.0 - Finished processing (I=1, O=1, R=1, W=1, U=0, E=0)
2022/05/14 23:03:14 - JB_ESTRELLAPRINCIPAL - Starting entry [tbClin02]
2022/05/14 23:03:14 - tbClin02 - Using run configuration [Pentaho local]
2022/05/14 23:03:14 - tbClin02 - Running transformation using the Kettle execution engine
2022/05/14 23:03:14 - TR_tbClin02 - Dispatching started for transformation [TR_tbClin02]
2022/05/14 23:03:15 - ParametroGenerales.0 - Finished processing (I=0, O=0, R=0, W=1, U=0, E=0)
2022/05/14 23:03:15 - GenerateParametros.0 - Finished processing (I=0, O=0, R=0, W=1, U=0, E=0)
2022/05/14 23:03:15 - cleanTable.0 - Finished reading query, closing connection.
2022/05/14 23:03:15 - Get variables.0 - Finished processing (I=0, O=0, R=1, W=1, U=0, E=0)
2022/05/14 23:03:15 - getIDRegistro.0 - Finished processing (I=0, O=0, R=1, W=1, U=0, E=0)
2022/05/14 23:03:15 - cleanTable.0 - Finished processing (I=0, O=0, R=0, W=1, U=0, E=0)
2022/05/14 23:03:15 - getSysDatesStar.0 - Finished processing (I=0, O=0, R=1, W=1, U=0, E=0)
2022/05/14 23:03:15 - getDateSystem.0 - Finished processing (I=0, O=0, R=1, W=1, U=0, E=0)
2022/05/14 23:03:15 - insertLog.0 - Finished processing (I=1, O=0, R=1, W=1, U=0, E=0)
2022/05/14 23:03:15 - getId.0 - Finished processing (I=0, O=0, R=446, W=446, U=0, E=0)
2022/05/14 23:03:15 - getData.0 - Finished processing (I=447, O=0, R=1, W=446, U=0, E=0)
2022/05/14 23:03:15 - poblarTbClin02.0 - Finished processing (I=446, O=446, R=446, W=446, U=0, E=0)
2022/05/14 23:03:15 - waitStep.0 - Finished processing (I=0, O=0, R=1, W=1, U=0, E=0)
2022/05/14 23:03:15 - getSysDateEnd.0 - Finished processing (I=0, O=0, R=1, W=1, U=0, E=0)
2022/05/14 23:03:16 - updateLog.0 - Finished processing (I=1, O=1, R=1, W=1, U=0, E=0)
2022/05/14 23:03:16 - JB_ESTRELLAPRINCIPAL - Starting entry [tbFactf02]
2022/05/14 23:03:16 - tbFactf02 - Using run configuration [Pentaho local]
2022/05/14 23:03:16 - tbFactf02 - Running transformation using the Kettle execution engine
2022/05/14 23:03:16 - TR_tbClin02 - Dispatching started for transformation [TR_tbClin02]
2022/05/14 23:03:20 - ParametroGenerales.0 - Finished processing (I=0, O=0, R=0, W=1, U=0, E=0)
2022/05/14 23:03:20 - GenerateParametros.0 - Finished processing (I=0, O=0, R=0, W=1, U=0, E=0)
2022/05/14 23:03:20 - cleanTable.0 - Finished reading query, closing connection.
2022/05/14 23:03:20 - getDateSystem.0 - Finished processing (I=0, O=0, R=1, W=1, U=0, E=0)
2022/05/14 23:03:20 - cleanTable.0 - Finished processing (I=0, O=0, R=0, W=1, U=0, E=0)
2022/05/14 23:03:20 - getSysDatesStar.0 - Finished processing (I=0, O=0, R=1, W=1, U=0, E=0)
2022/05/14 23:03:20 - Get variables.0 - Finished processing (I=0, O=0, R=1, W=1, U=0, E=0)
2022/05/14 23:03:20 - getIDRegistro.0 - Finished processing (I=0, O=0, R=1, W=1, U=0, E=0)
2022/05/14 23:03:20 - insertLog.0 - Finished processing (I=1, O=0, R=1, W=1, U=0, E=0)
2022/05/14 23:03:44 - getData.0 - Finished processing (I=30921, O=0, R=1, W=30920, U=0, E=0)
2022/05/14 23:04:00 - getId.0 - Finished processing (I=0, O=0, R=30920, W=30920, U=0, E=0)
2022/05/14 23:04:17 - poblarTbFactf02.0 - Finished processing (I=30920, O=30920, R=30920, W=30920, U=0, E=0)
2022/05/14 23:04:17 - waitStep.0 - Finished processing (I=0, O=0, R=1, W=1, U=0, E=0)
2022/05/14 23:04:17 - getSysDateEnd.0 - Finished processing (I=0, O=0, R=1, W=1, U=0, E=0)
2022/05/14 23:04:17 - updateLog.0 - Finished processing (I=1, O=1, R=1, W=1, U=0, E=0)
2022/05/14 23:04:17 - JB_ESTRELLAPRINCIPAL - Starting entry [tbParFactf02]
2022/05/14 23:04:17 - tbParFactf02 - Using run configuration [Pentaho local]
2022/05/14 23:04:17 - tbParFactf02 - Running transformation using the Kettle execution engine
2022/05/14 23:04:17 - TR_tbParFactf02 - Dispatching started for transformation [TR_tbParFactf02]
2022/05/14 23:04:18 - ParametroGenerales.0 - Finished processing (I=0, O=0, R=0, W=1, U=0, E=0)
2022/05/14 23:04:18 - GenerateParametros.0 - Finished processing (I=0, O=0, R=0, W=1, U=0, E=0)
2022/05/14 23:04:18 - Get variables.0 - Finished processing (I=0, O=0, R=1, W=1, U=0, E=0)
2022/05/14 23:04:18 - Dummy.0 - Finished processing (I=0, O=0, R=1, W=1, U=0, E=0)
2022/05/14 23:04:18 - getSysDatesStar.0 - Finished processing (I=0, O=0, R=1, W=1, U=0, E=0)
2022/05/14 23:04:18 - getIDRegistro.0 - Finished processing (I=0, O=0, R=1, W=1, U=0, E=0)
2022/05/14 23:04:18 - insertLog.0 - Finished processing (I=1, O=0, R=1, W=1, U=0, E=0)
2022/05/14 23:04:18 - waitStep.0 - Finished processing (I=0, O=0, R=1, W=1, U=0, E=0)
2022/05/14 23:04:18 - getSysDateEnd.0 - Finished processing (I=0, O=0, R=1, W=1, U=0, E=0)
2022/05/14 23:04:18 - updateLog.0 - Finished processing (I=1, O=1, R=1, W=1, U=0, E=0)
2022/05/14 23:04:18 - JB_ESTRELLAPRINCIPAL - Starting entry [tbPeriodos02]
2022/05/14 23:04:18 - tbPeriodos02 - Using run configuration [Pentaho local]
2022/05/14 23:04:18 - tbPeriodos02 - Running transformation using the Kettle execution engine
2022/05/14 23:04:18 - TR_Periodos02 - Dispatching started for transformation [TR_Periodos02]
2022/05/14 23:04:19 - ParametroGenerales.0 - Finished processing (I=0, O=0, R=0, W=1, U=0, E=0)
2022/05/14 23:04:19 - Get variables.0 - Finished processing (I=0, O=0, R=1, W=1, U=0, E=0)
2022/05/14 23:04:19 - GenerateParametros.0 - Finished processing (I=0, O=0, R=0, W=1, U=0, E=0)
2022/05/14 23:04:19 - cleanTable.0 - Finished reading query, closing connection.
2022/05/14 23:04:19 - cleanTable.0 - Finished processing (I=0, O=0, R=0, W=1, U=0, E=0)
2022/05/14 23:04:19 - getDateSystem.0 - Finished processing (I=0, O=0, R=1, W=1, U=0, E=0)
2022/05/14 23:04:19 - getSysDatesStar.0 - Finished processing (I=0, O=0, R=1, W=1, U=0, E=0)
2022/05/14 23:04:19 - getIDRegistro.0 - Finished processing (I=0, O=0, R=1, W=1, U=0, E=0)
2022/05/14 23:04:19 - getData.0 - Finished processing (I=2429, O=0, R=1, W=2428, U=0, E=0)
2022/05/14 23:04:19 - getId.0 - Finished processing (I=0, O=0, R=2428, W=2428, U=0, E=0)
2022/05/14 23:04:19 - insertLog.0 - Finished processing (I=1, O=0, R=1, W=1, U=0, E=0)
2022/05/14 23:04:26 - poblarTbPeriodos02.0 - Finished processing (I=2428, O=2428, R=2428, W=2428, U=0, E=0)
2022/05/14 23:04:26 - waitStep.0 - Finished processing (I=0, O=0, R=1, W=1, U=0, E=0)
2022/05/14 23:04:26 - getSysDateEnd.0 - Finished processing (I=0, O=0, R=1, W=1, U=0, E=0)
2022/05/14 23:04:26 - updateLog.0 - Finished processing (I=1, O=1, R=1, W=1, U=0, E=0)
2022/05/14 23:04:26 - JB_ESTRELLAPRINCIPAL - Starting entry [tbFactd02]
2022/05/14 23:04:26 - tbFactd02 - Using run configuration [Pentaho local]
2022/05/14 23:04:26 - tbFactd02 - Running transformation using the Kettle execution engine
2022/05/14 23:04:26 - TR_Periodos02 - Dispatching started for transformation [TR_Periodos02]
2022/05/14 23:04:27 - ParametroGenerales.0 - Finished processing (I=0, O=0, R=0, W=1, U=0, E=0)
2022/05/14 23:04:27 - GenerateParametros.0 - Finished processing (I=0, O=0, R=0, W=1, U=0, E=0)
2022/05/14 23:04:27 - cleanTable.0 - Finished reading query, closing connection.
2022/05/14 23:04:27 - cleanTable.0 - Finished processing (I=0, O=0, R=0, W=1, U=0, E=0)
2022/05/14 23:04:27 - getDateSystem.0 - Finished processing (I=0, O=0, R=1, W=1, U=0, E=0)
2022/05/14 23:04:27 - Get variables.0 - Finished processing (I=0, O=0, R=1, W=1, U=0, E=0)
2022/05/14 23:04:27 - getSysDatesStar.0 - Finished processing (I=0, O=0, R=1, W=1, U=0, E=0)
2022/05/14 23:04:27 - getIDRegistro.0 - Finished processing (I=0, O=0, R=1, W=1, U=0, E=0)
2022/05/14 23:04:27 - insertLog.0 - Finished processing (I=1, O=0, R=1, W=1, U=0, E=0)
2022/05/14 23:04:30 - getId.0 - Finished processing (I=0, O=0, R=4887, W=4887, U=0, E=0)
2022/05/14 23:04:30 - getData.0 - Finished processing (I=4888, O=0, R=1, W=4887, U=0, E=0)
2022/05/14 23:05:07 - poblarTbFactd02.0 - Finished processing (I=4887, O=4887, R=4887, W=4887, U=0, E=0)
2022/05/14 23:05:07 - waitStep.0 - Finished processing (I=0, O=0, R=1, W=1, U=0, E=0)
2022/05/14 23:05:07 - getSysDateEnd.0 - Finished processing (I=0, O=0, R=1, W=1, U=0, E=0)
2022/05/14 23:05:07 - updateLog.0 - Finished processing (I=1, O=1, R=1, W=1, U=0, E=0)
2022/05/14 23:05:07 - JB_ESTRELLAPRINCIPAL - Starting entry [dimCliente]
2022/05/14 23:05:07 - dimCliente - Using run configuration [Pentaho local]
2022/05/14 23:05:07 - dimCliente - Running transformation using the Kettle execution engine
2022/05/14 23:05:07 - TR_dimCliente - Dispatching started for transformation [TR_dimCliente]
2022/05/14 23:05:08 - ParametroGenerales.0 - Finished processing (I=0, O=0, R=0, W=1, U=0, E=0)
2022/05/14 23:05:08 - cleanTable.0 - Finished reading query, closing connection.
2022/05/14 23:05:08 - GenerateParametros.0 - Finished processing (I=0, O=0, R=0, W=1, U=0, E=0)
2022/05/14 23:05:08 - cleanTable.0 - Finished processing (I=0, O=0, R=0, W=1, U=0, E=0)
2022/05/14 23:05:08 - getSysDatesStar.0 - Finished processing (I=0, O=0, R=1, W=1, U=0, E=0)
2022/05/14 23:05:08 - getDateSystem.0 - Finished processing (I=0, O=0, R=1, W=1, U=0, E=0)
2022/05/14 23:05:08 - Get variables.0 - Finished processing (I=0, O=0, R=1, W=1, U=0, E=0)
2022/05/14 23:05:08 - getIDRegistro.0 - Finished processing (I=0, O=0, R=1, W=1, U=0, E=0)
2022/05/14 23:05:08 - insertLog.0 - Finished processing (I=1, O=0, R=1, W=1, U=0, E=0)
2022/05/14 23:05:08 - getData.0 - Finished processing (I=4727, O=0, R=1, W=4726, U=0, E=0)
2022/05/14 23:05:08 - getId.0 - Finished processing (I=0, O=0, R=4726, W=4726, U=0, E=0)
2022/05/14 23:05:13 - poblarDimCliente.0 - Finished processing (I=4726, O=4726, R=4726, W=4726, U=0, E=0)
2022/05/14 23:05:13 - waitStep.0 - Finished processing (I=0, O=0, R=1, W=1, U=0, E=0)
2022/05/14 23:05:13 - getSysDateEnd.0 - Finished processing (I=0, O=0, R=1, W=1, U=0, E=0)
2022/05/14 23:05:13 - updateLog.0 - Finished processing (I=1, O=1, R=1, W=1, U=0, E=0)
2022/05/14 23:05:13 - JB_ESTRELLAPRINCIPAL - Starting entry [dimVendedor]
2022/05/14 23:05:13 - dimVendedor - Using run configuration [Pentaho local]
2022/05/14 23:05:13 - dimVendedor - Running transformation using the Kettle execution engine
2022/05/14 23:05:13 - TR_dimVendedor - Dispatching started for transformation [TR_dimVendedor]
2022/05/14 23:05:13 - ParametroGenerales.0 - Finished processing (I=0, O=0, R=0, W=1, U=0, E=0)
2022/05/14 23:05:13 - GenerateParametros.0 - Finished processing (I=0, O=0, R=0, W=1, U=0, E=0)
2022/05/14 23:05:13 - cleanTable.0 - Finished reading query, closing connection.
2022/05/14 23:05:13 - Get variables.0 - Finished processing (I=0, O=0, R=1, W=1, U=0, E=0)
2022/05/14 23:05:13 - getDateSystem.0 - Finished processing (I=0, O=0, R=1, W=1, U=0, E=0)
2022/05/14 23:05:13 - cleanTable.0 - Finished processing (I=0, O=0, R=0, W=1, U=0, E=0)
2022/05/14 23:05:13 - getSysDatesStar.0 - Finished processing (I=0, O=0, R=1, W=1, U=0, E=0)
2022/05/14 23:05:13 - getIDRegistro.0 - Finished processing (I=0, O=0, R=1, W=1, U=0, E=0)
2022/05/14 23:05:13 - insertLog.0 - Finished processing (I=1, O=0, R=1, W=1, U=0, E=0)
2022/05/14 23:05:13 - getId.0 - Finished processing (I=0, O=0, R=9, W=9, U=0, E=0)
2022/05/14 23:05:14 - getData.0 - Finished processing (I=10, O=0, R=1, W=9, U=0, E=0)
2022/05/14 23:05:14 - poblarDimVendedor.0 - Finished processing (I=9, O=9, R=9, W=9, U=0, E=0)
2022/05/14 23:05:14 - waitStep.0 - Finished processing (I=0, O=0, R=1, W=1, U=0, E=0)
2022/05/14 23:05:14 - getSysDateEnd.0 - Finished processing (I=0, O=0, R=1, W=1, U=0, E=0)
2022/05/14 23:05:14 - updateLog.0 - Finished processing (I=1, O=1, R=1, W=1, U=0, E=0)
2022/05/14 23:05:14 - JB_ESTRELLAPRINCIPAL - Starting entry [dimInventario]
2022/05/14 23:05:14 - dimInventario - Using run configuration [Pentaho local]
2022/05/14 23:05:14 - dimInventario - Running transformation using the Kettle execution engine
2022/05/14 23:05:14 - TR_dimInventario - Dispatching started for transformation [TR_dimInventario]
2022/05/14 23:05:14 - ParametroGenerales.0 - Finished processing (I=0, O=0, R=0, W=1, U=0, E=0)
2022/05/14 23:05:14 - cleanTable.0 - Finished reading query, closing connection.
2022/05/14 23:05:14 - Get variables.0 - Finished processing (I=0, O=0, R=1, W=1, U=0, E=0)
2022/05/14 23:05:14 - GenerateParametros.0 - Finished processing (I=0, O=0, R=0, W=1, U=0, E=0)
2022/05/14 23:05:14 - getDateSystem.0 - Finished processing (I=0, O=0, R=1, W=1, U=0, E=0)
2022/05/14 23:05:14 - cleanTable.0 - Finished processing (I=0, O=0, R=0, W=1, U=0, E=0)
2022/05/14 23:05:14 - getSysDatesStar.0 - Finished processing (I=0, O=0, R=1, W=1, U=0, E=0)
2022/05/14 23:05:14 - getIDRegistro.0 - Finished processing (I=0, O=0, R=1, W=1, U=0, E=0)
2022/05/14 23:05:14 - insertLog.0 - Finished processing (I=1, O=0, R=1, W=1, U=0, E=0)
2022/05/14 23:05:15 - getData.0 - Finished processing (I=1821, O=0, R=1, W=1820, U=0, E=0)
2022/05/14 23:05:15 - getId.0 - Finished processing (I=0, O=0, R=1820, W=1820, U=0, E=0)
2022/05/14 23:05:16 - poblarDimInventario.0 - Finished processing (I=1820, O=1820, R=1820, W=1820, U=0, E=0)
2022/05/14 23:05:16 - waitStep.0 - Finished processing (I=0, O=0, R=1, W=1, U=0, E=0)
2022/05/14 23:05:16 - getSysDateEnd.0 - Finished processing (I=0, O=0, R=1, W=1, U=0, E=0)
2022/05/14 23:05:16 - updateLog.0 - Finished processing (I=1, O=1, R=1, W=1, U=0, E=0)
2022/05/14 23:05:16 - JB_ESTRELLAPRINCIPAL - Starting entry [extCabezaFacturas]
2022/05/14 23:05:17 - extCabezaFacturas - Using run configuration [Pentaho local]
2022/05/14 23:05:17 - extCabezaFacturas - Running transformation using the Kettle execution engine
2022/05/14 23:05:17 - TR_extCabeceraFacturas - Dispatching started for transformation [TR_extCabeceraFacturas]
2022/05/14 23:05:18 - GenerateParametros.0 - Finished processing (I=0, O=0, R=0, W=1, U=0, E=0)
2022/05/14 23:05:18 - ParametroGenerales.0 - Finished processing (I=0, O=0, R=0, W=1, U=0, E=0)
2022/05/14 23:05:18 - getDateSystem.0 - Finished processing (I=0, O=0, R=1, W=1, U=0, E=0)
2022/05/14 23:05:18 - Get variables.0 - Finished processing (I=0, O=0, R=1, W=1, U=0, E=0)
2022/05/14 23:05:18 - cleanTable.0 - Finished reading query, closing connection.
2022/05/14 23:05:18 - getSysDatesStar.0 - Finished processing (I=0, O=0, R=1, W=1, U=0, E=0)
2022/05/14 23:05:18 - cleanTable.0 - Finished processing (I=0, O=0, R=0, W=1, U=0, E=0)
2022/05/14 23:05:18 - getIDRegistro.0 - Finished processing (I=0, O=0, R=1, W=1, U=0, E=0)
2022/05/14 23:05:18 - insertLog.0 - Finished processing (I=1, O=0, R=1, W=1, U=0, E=0)
2022/05/14 23:05:27 - getData.0 - Finished processing (I=27697, O=0, R=1, W=27696, U=0, E=0)
2022/05/14 23:05:39 - getId.0 - Finished processing (I=0, O=0, R=27696, W=27696, U=0, E=0)
2022/05/14 23:05:49 - poblarExtCabecerasFacturas.0 - Finished processing (I=27696, O=27696, R=27696, W=27696, U=0, E=0)
2022/05/14 23:05:49 - waitStep.0 - Finished processing (I=0, O=0, R=1, W=1, U=0, E=0)
2022/05/14 23:05:49 - getSysDateEnd.0 - Finished processing (I=0, O=0, R=1, W=1, U=0, E=0)
2022/05/14 23:05:49 - updateLog.0 - Finished processing (I=1, O=1, R=1, W=1, U=0, E=0)
2022/05/14 23:05:49 - JB_ESTRELLAPRINCIPAL - Starting entry [extDetalleFactura]
2022/05/14 23:05:49 - extDetalleFactura - Using run configuration [Pentaho local]
2022/05/14 23:05:49 - extDetalleFactura - Running transformation using the Kettle execution engine
2022/05/14 23:05:49 - TR_extDetalleFacturas - Dispatching started for transformation [TR_extDetalleFacturas]
2022/05/14 23:05:49 - ParametroGenerales.0 - Finished processing (I=0, O=0, R=0, W=1, U=0, E=0)
2022/05/14 23:05:49 - GenerateParametros.0 - Finished processing (I=0, O=0, R=0, W=1, U=0, E=0)
2022/05/14 23:05:49 - Dummy.0 - Finished processing (I=0, O=0, R=1, W=1, U=0, E=0)
2022/05/14 23:05:49 - Get variables.0 - Finished processing (I=0, O=0, R=1, W=1, U=0, E=0)
2022/05/14 23:05:49 - getSysDatesStar.0 - Finished processing (I=0, O=0, R=1, W=1, U=0, E=0)
2022/05/14 23:05:49 - getIDRegistro.0 - Finished processing (I=0, O=0, R=1, W=1, U=0, E=0)
2022/05/14 23:05:49 - insertLog.0 - Finished processing (I=1, O=0, R=1, W=1, U=0, E=0)
2022/05/14 23:05:50 - waitStep.0 - Finished processing (I=0, O=0, R=1, W=1, U=0, E=0)
2022/05/14 23:05:50 - getSysDateEnd.0 - Finished processing (I=0, O=0, R=1, W=1, U=0, E=0)
2022/05/14 23:05:50 - updateLog.0 - Finished processing (I=1, O=1, R=1, W=1, U=0, E=0)
2022/05/14 23:05:50 - JB_ESTRELLAPRINCIPAL - Starting entry [updateSuccess]
2022/05/14 23:05:50 - updateSuccess - Using run configuration [Pentaho local]
2022/05/14 23:05:50 - updateSuccess - Running transformation using the Kettle execution engine
2022/05/14 23:05:50 - TR_RegistroUpdateSuccess - Dispatching started for transformation [TR_RegistroUpdateSuccess]
2022/05/14 23:05:50 - ParametroGenerales.0 - Finished processing (I=0, O=0, R=0, W=1, U=0, E=0)
2022/05/14 23:05:50 - Get variables.0 - Finished processing (I=0, O=0, R=1, W=1, U=0, E=0)
2022/05/14 23:05:50 - getSysDate.0 - Finished processing (I=0, O=0, R=1, W=1, U=0, E=0)
2022/05/14 23:05:50 - updateLog.0 - Finished processing (I=1, O=0, R=1, W=1, U=1, E=0)
2022/05/14 23:05:50 - JB_ESTRELLAPRINCIPAL - Starting entry [Success]
2022/05/14 23:05:50 - JB_ESTRELLAPRINCIPAL - Finished job entry [Success] (result=[true])
2022/05/14 23:05:50 - JB_ESTRELLAPRINCIPAL - Finished job entry [updateSuccess] (result=[true])
2022/05/14 23:05:50 - JB_ESTRELLAPRINCIPAL - Finished job entry [extDetalleFactura] (result=[true])
2022/05/14 23:05:50 - JB_ESTRELLAPRINCIPAL - Finished job entry [extCabezaFacturas] (result=[true])
2022/05/14 23:05:50 - JB_ESTRELLAPRINCIPAL - Finished job entry [dimInventario] (result=[true])
2022/05/14 23:05:50 - JB_ESTRELLAPRINCIPAL - Finished job entry [dimVendedor] (result=[true])
2022/05/14 23:05:50 - JB_ESTRELLAPRINCIPAL - Finished job entry [dimCliente] (result=[true])
2022/05/14 23:05:50 - JB_ESTRELLAPRINCIPAL - Finished job entry [tbFactd02] (result=[true])
2022/05/14 23:05:50 - JB_ESTRELLAPRINCIPAL - Finished job entry [tbPeriodos02] (result=[true])
2022/05/14 23:05:50 - JB_ESTRELLAPRINCIPAL - Finished job entry [tbParFactf02] (result=[true])
2022/05/14 23:05:50 - JB_ESTRELLAPRINCIPAL - Finished job entry [tbFactf02] (result=[true])
2022/05/14 23:05:50 - JB_ESTRELLAPRINCIPAL - Finished job entry [tbClin02] (result=[true])
2022/05/14 23:05:50 - JB_ESTRELLAPRINCIPAL - Finished job entry [trTbInve02] (result=[true])
2022/05/14 23:05:50 - JB_ESTRELLAPRINCIPAL - Finished job entry [tbVend02] (result=[true])
2022/05/14 23:05:50 - JB_ESTRELLAPRINCIPAL - Finished job entry [tbClie02] (result=[true])
2022/05/14 23:05:50 - JB_ESTRELLAPRINCIPAL - Finished job entry [RegLog] (result=[true])
2022/05/14 23:05:50 - JB_ESTRELLAPRINCIPAL - Job execution finished
2022/05/14 23:05:50 - Kitchen - Finished!
2022/05/14 23:05:50 - Kitchen - Start=2022/05/14 23:02:51.797, Stop=2022/05/14 23:05:50.676
2022/05/14 23:05:50 - Kitchen - Processing ended after 2 minutes and 58 seconds (178 seconds total).
